mode: set
user-service/middlewares/authMiddleware.go:10.42,11.30 1 0
user-service/middlewares/authMiddleware.go:11.30,13.17 2 0
user-service/middlewares/authMiddleware.go:18.3,18.53 1 0
user-service/middlewares/authMiddleware.go:24.3,24.11 1 0
user-service/middlewares/authMiddleware.go:13.17,17.4 3 0
user-service/middlewares/authMiddleware.go:18.53,23.4 4 0
user-service/services/authentication.go:22.56,26.2 3 0
user-service/services/authentication.go:28.76,32.16 4 1
user-service/services/authentication.go:36.2,36.8 1 1
user-service/services/authentication.go:32.16,35.3 1 1
user-service/services/authentication.go:39.85,41.16 2 1
user-service/services/authentication.go:48.2,49.16 2 1
user-service/services/authentication.go:55.2,56.16 2 1
user-service/services/authentication.go:62.2,62.8 1 1
user-service/services/authentication.go:41.16,46.3 3 1
user-service/services/authentication.go:49.16,54.3 3 1
user-service/services/authentication.go:56.16,61.3 3 0
user-service/services/authentication.go:65.121,68.2 2 1
user-service/services/authentication.go:70.74,73.2 2 1
user-service/services/authentication.go:75.107,77.16 2 1
user-service/services/authentication.go:82.2,82.47 1 1
user-service/services/authentication.go:88.2,88.24 1 1
user-service/services/authentication.go:77.16,81.3 2 0
user-service/services/authentication.go:82.47,87.3 3 1
user-service/dto/authUser.go:8.94,14.2 5 1
user-service/facades/user.go:22.35,27.2 4 0
user-service/facades/user.go:29.80,32.16 2 0
user-service/facades/user.go:38.2,39.16 2 0
user-service/facades/user.go:44.2,44.8 1 0
user-service/facades/user.go:32.16,36.3 2 0
user-service/facades/user.go:39.16,43.3 2 0
user-service/facades/user.go:47.111,50.9 2 0
user-service/facades/user.go:69.2,70.8 2 0
user-service/facades/user.go:50.9,54.17 3 0
user-service/facades/user.go:60.3,61.17 2 0
user-service/facades/user.go:67.3,67.51 1 0
user-service/facades/user.go:54.17,58.4 2 0
user-service/facades/user.go:61.17,65.4 2 0
user-service/facades/user.go:73.152,74.30 1 0
user-service/facades/user.go:78.2,81.16 3 0
user-service/facades/user.go:87.2,88.8 2 0
user-service/facades/user.go:74.30,76.3 1 0
user-service/facades/user.go:81.16,85.3 2 0
user-service/mocks/userCacheRepository.go:11.86,12.13 1 1
user-service/mocks/userCacheRepository.go:29.2,29.8 1 1
user-service/mocks/userCacheRepository.go:13.14,14.3 1 1
user-service/mocks/userCacheRepository.go:23.14,24.3 1 1
user-service/mocks/userCacheRepository.go:14.3,22.4 1 1
user-service/mocks/userCacheRepository.go:24.3,26.4 1 1
user-service/mocks/userCacheRepository.go:32.75,33.2 0 1
user-service/mocks/userRepository.go:12.80,13.23 1 1
user-service/mocks/userRepository.go:20.2,20.8 1 1
user-service/mocks/userRepository.go:14.15,15.3 1 1
user-service/mocks/userRepository.go:15.3,17.4 1 1
user-service/mocks/userRepository.go:24.85,25.12 1 1
user-service/mocks/userRepository.go:46.2,46.8 1 1
user-service/mocks/userRepository.go:26.9,27.3 1 1
user-service/mocks/userRepository.go:30.9,31.3 1 1
user-service/mocks/userRepository.go:27.3,29.4 1 1
user-service/mocks/userRepository.go:31.3,43.4 1 1
user-service/services/translation.go:21.63,26.16 5 0
user-service/services/translation.go:30.2,31.12 2 0
user-service/services/translation.go:26.16,28.21 2 0
user-service/services/translation.go:34.136,36.16 2 0
user-service/services/translation.go:41.2,41.18 1 0
user-service/services/translation.go:36.16,40.3 2 0
user-service/utils/csv.go:10.83,12.16 2 0
user-service/utils/csv.go:17.2,18.19 2 0
user-service/utils/csv.go:12.16,16.3 2 0
user-service/utils/csv.go:21.64,22.34 1 0
user-service/utils/csv.go:35.2,35.8 1 0
user-service/utils/csv.go:22.34,23.12 1 0
user-service/utils/csv.go:23.12,33.4 3 0
user-service/utils/csv.go:38.73,40.16 2 0
user-service/utils/csv.go:45.2,46.16 2 0
user-service/utils/csv.go:51.2,51.21 1 0
user-service/utils/csv.go:40.16,44.3 2 0
user-service/utils/csv.go:46.16,50.3 2 0
user-service/utils/jwt.go:13.60,23.2 8 1
user-service/utils/jwt.go:25.56,28.83 3 0
user-service/utils/jwt.go:34.2,34.16 1 0
user-service/utils/jwt.go:37.2,37.19 1 0
user-service/utils/jwt.go:28.83,29.58 1 0
user-service/utils/jwt.go:32.3,32.36 1 0
user-service/utils/jwt.go:29.58,31.4 1 0
user-service/utils/jwt.go:34.16,36.3 1 0
user-service/utils/jwt.go:40.42,42.47 2 0
user-service/utils/jwt.go:45.2,45.11 1 0
user-service/utils/jwt.go:42.47,44.3 1 0
user-service/dto/user.go:10.86,18.2 7 1
user-service/dto/user.go:20.96,21.29 1 1
user-service/dto/user.go:24.2,24.8 1 1
user-service/dto/user.go:21.29,23.3 1 1
user-service/dto/user.go:27.72,34.2 6 1
user-service/dto/user.go:36.68,43.2 6 0
user-service/dto/user.go:45.91,52.2 6 0
user-service/repositories/userCache.go:22.63,26.2 3 0
user-service/repositories/userCache.go:28.82,31.16 3 0
user-service/repositories/userCache.go:36.2,37.16 2 0
user-service/repositories/userCache.go:41.2,41.8 1 0
user-service/repositories/userCache.go:31.16,35.3 2 0
user-service/repositories/userCache.go:37.16,40.3 1 0
user-service/repositories/userCache.go:44.70,47.16 3 0
user-service/repositories/userCache.go:52.2,52.49 1 0
user-service/repositories/userCache.go:47.16,51.3 2 0
user-service/server/router.go:11.30,26.2 8 0
user-service/server/router.go:37.2,37.15 1 0
user-service/server/router.go:26.2,35.3 7 0
user-service/services/user.go:24.37,29.2 4 0
user-service/services/user.go:31.68,36.16 3 1
user-service/services/user.go:40.2,40.8 1 1
user-service/services/user.go:36.16,39.3 1 1
user-service/services/user.go:43.75,46.16 2 1
user-service/services/user.go:50.2,50.25 1 1
user-service/services/user.go:56.2,56.8 1 1
user-service/services/user.go:46.16,49.3 1 1
user-service/services/user.go:50.25,52.3 1 1
user-service/services/user.go:52.8,55.3 1 1
user-service/services/user.go:59.102,63.16 4 1
user-service/services/user.go:68.2,69.8 2 1
user-service/services/user.go:63.16,67.3 2 1
user-service/services/user.go:72.89,75.2 2 1
user-service/config/config.go:27.33,29.2 1 1
user-service/config/config.go:31.24,33.17 1 1
user-service/config/config.go:33.17,39.17 6 1
user-service/config/config.go:42.3,44.17 3 1
user-service/config/config.go:47.3,47.102 1 1
user-service/config/config.go:39.18,41.4 0 0
user-service/config/config.go:44.18,46.4 0 0
user-service/config/config.go:51.62,53.16 2 1
user-service/config/config.go:57.2,57.17 1 1
user-service/config/config.go:53.16,54.89 1 0
user-service/repositories/user.go:20.49,24.2 3 0
user-service/repositories/user.go:27.76,32.16 2 0
user-service/repositories/user.go:35.2,35.8 1 0
user-service/repositories/user.go:32.16,34.3 1 0
user-service/repositories/user.go:39.81,41.25 2 0
user-service/repositories/user.go:45.2,45.8 1 0
user-service/repositories/user.go:41.25,44.3 2 0
user-service/controllers/authentication.go:19.43,23.2 3 0
user-service/controllers/authentication.go:25.53,28.16 3 0
user-service/controllers/authentication.go:32.2,33.16 2 0
user-service/controllers/authentication.go:37.2,37.36 1 0
user-service/controllers/authentication.go:28.16,31.3 2 0
user-service/controllers/authentication.go:33.16,36.3 2 0
user-service/controllers/authentication.go:40.50,43.16 3 0
user-service/controllers/authentication.go:47.2,48.16 2 0
user-service/controllers/authentication.go:52.2,52.32 1 0
user-service/controllers/authentication.go:43.16,46.3 2 0
user-service/controllers/authentication.go:48.16,51.3 2 0
user-service/server/server.go:9.14,13.2 3 0
user-service/mocks/authUserRepository.go:11.81,12.23 1 1
user-service/mocks/authUserRepository.go:19.2,19.8 1 1
user-service/mocks/authUserRepository.go:13.15,14.3 1 1
user-service/mocks/authUserRepository.go:14.3,16.4 1 1
user-service/mocks/authUserRepository.go:22.100,23.18 1 1
user-service/mocks/authUserRepository.go:45.2,45.8 1 1
user-service/mocks/authUserRepository.go:24.14,25.3 1 1
user-service/mocks/authUserRepository.go:34.15,35.3 1 1
user-service/mocks/authUserRepository.go:25.3,33.4 1 1
user-service/mocks/authUserRepository.go:35.3,43.4 1 1
user-service/mocks/userService.go:12.72,14.2 1 0
user-service/mocks/userService.go:16.79,17.16 1 0
user-service/mocks/userService.go:34.2,34.8 1 0
user-service/mocks/userService.go:18.9,19.3 1 0
user-service/mocks/userService.go:29.10,30.3 1 0
user-service/mocks/userService.go:19.3,27.4 1 0
user-service/mocks/userService.go:30.3,32.4 1 0
user-service/mocks/userService.go:37.106,38.16 1 0
user-service/mocks/userService.go:56.2,56.8 1 0
user-service/mocks/userService.go:39.9,40.3 1 0
user-service/mocks/userService.go:51.10,52.3 1 0
user-service/mocks/userService.go:40.3,49.4 2 0
user-service/mocks/userService.go:52.3,54.4 1 0
user-service/mocks/userService.go:59.94,60.2 0 0
user-service/utils/logger.go:10.19,13.2 2 0
user-service/utils/logger.go:15.30,17.2 1 1
user-service/middlewares/corseMiddleware.go:5.39,6.30 1 0
user-service/middlewares/corseMiddleware.go:6.30,13.3 5 0
user-service/repositories/authUser.go:19.57,23.2 3 0
user-service/repositories/authUser.go:25.77,28.2 2 0
user-service/repositories/authUser.go:30.96,32.25 2 0
user-service/repositories/authUser.go:36.2,36.8 1 0
user-service/repositories/authUser.go:32.25,35.3 2 0
user-service/controllers/user.go:22.43,26.2 3 0
user-service/controllers/user.go:28.56,31.16 3 0
user-service/controllers/user.go:35.2,36.16 2 0
user-service/controllers/user.go:40.2,40.36 1 0
user-service/controllers/user.go:31.16,34.3 2 0
user-service/controllers/user.go:36.16,39.3 2 0
user-service/controllers/user.go:43.52,45.16 2 0
user-service/controllers/user.go:49.2,53.16 5 0
user-service/controllers/user.go:57.2,57.31 1 0
user-service/controllers/user.go:45.16,48.3 2 0
user-service/controllers/user.go:53.16,56.3 2 0
user-service/main.go:10.13,19.2 4 0
user-service/mocks/translationService.go:13.140,14.14 1 0
user-service/mocks/translationService.go:47.2,47.33 1 0
user-service/mocks/translationService.go:15.22,16.3 1 0
user-service/mocks/translationService.go:16.3,44.4 1 0
user-service/db/db.go:23.13,27.16 4 0
user-service/db/db.go:31.2,32.20 2 0
user-service/db/db.go:27.16,30.3 1 0
user-service/db/db.go:35.26,37.2 1 0
user-service/db/db.go:39.36,41.2 1 0
user-service/db/db.go:43.49,47.16 3 0
user-service/db/db.go:51.2,55.27 4 0
user-service/db/db.go:58.2,58.12 1 0
user-service/db/db.go:47.16,49.13 2 0
user-service/db/db.go:55.27,57.3 1 0
user-service/db/db.go:61.43,71.16 4 0
user-service/db/db.go:71.16,74.3 1 0
user-service/db/db.go:74.8,77.3 1 0
user-service/db/db.go:80.25,82.16 2 0
user-service/db/db.go:86.2,87.16 2 0
user-service/db/db.go:82.16,85.3 1 0
user-service/db/db.go:87.16,90.3 1 0
user-service/server/server.go:9.14,13.2 3 0
user-service/config/config.go:27.33,29.2 1 0
user-service/config/config.go:31.24,33.17 1 0
user-service/config/config.go:33.17,39.17 6 0
user-service/config/config.go:42.3,44.17 3 0
user-service/config/config.go:47.3,47.102 1 0
user-service/config/config.go:39.18,41.4 0 0
user-service/config/config.go:44.18,46.4 0 0
user-service/config/config.go:51.62,53.16 2 0
user-service/config/config.go:57.2,57.17 1 0
user-service/config/config.go:53.16,54.89 1 0
user-service/middlewares/authMiddleware.go:10.42,11.30 1 0
user-service/middlewares/authMiddleware.go:11.30,13.17 2 0
user-service/middlewares/authMiddleware.go:18.3,18.53 1 0
user-service/middlewares/authMiddleware.go:24.3,24.11 1 0
user-service/middlewares/authMiddleware.go:13.17,17.4 3 0
user-service/middlewares/authMiddleware.go:18.53,23.4 4 0
user-service/mocks/userService.go:12.72,14.2 1 0
user-service/mocks/userService.go:16.79,17.16 1 1
user-service/mocks/userService.go:34.2,34.8 1 1
user-service/mocks/userService.go:18.9,19.3 1 1
user-service/mocks/userService.go:29.10,30.3 1 1
user-service/mocks/userService.go:19.3,27.4 1 1
user-service/mocks/userService.go:30.3,32.4 1 1
user-service/mocks/userService.go:37.106,38.16 1 1
user-service/mocks/userService.go:56.2,56.8 1 1
user-service/mocks/userService.go:39.9,40.3 1 1
user-service/mocks/userService.go:51.10,52.3 1 1
user-service/mocks/userService.go:40.3,49.4 2 1
user-service/mocks/userService.go:52.3,54.4 1 1
user-service/mocks/userService.go:59.94,60.2 0 1
user-service/db/db.go:23.13,27.16 4 0
user-service/db/db.go:31.2,32.20 2 0
user-service/db/db.go:27.16,30.3 1 0
user-service/db/db.go:35.26,37.2 1 0
user-service/db/db.go:39.36,41.2 1 0
user-service/db/db.go:43.49,47.16 3 0
user-service/db/db.go:51.2,55.27 4 0
user-service/db/db.go:58.2,58.12 1 0
user-service/db/db.go:47.16,49.13 2 0
user-service/db/db.go:55.27,57.3 1 0
user-service/db/db.go:61.43,71.16 4 0
user-service/db/db.go:71.16,74.3 1 0
user-service/db/db.go:74.8,77.3 1 0
user-service/db/db.go:80.25,82.16 2 0
user-service/db/db.go:86.2,87.16 2 0
user-service/db/db.go:82.16,85.3 1 0
user-service/db/db.go:87.16,90.3 1 0
user-service/repositories/authUser.go:19.57,23.2 3 0
user-service/repositories/authUser.go:25.77,28.2 2 0
user-service/repositories/authUser.go:30.96,32.25 2 0
user-service/repositories/authUser.go:36.2,36.8 1 0
user-service/repositories/authUser.go:32.25,35.3 2 0
user-service/middlewares/corseMiddleware.go:5.39,6.30 1 0
user-service/middlewares/corseMiddleware.go:6.30,13.3 5 0
user-service/utils/jwt.go:13.60,23.2 8 0
user-service/utils/jwt.go:25.56,28.83 3 0
user-service/utils/jwt.go:34.2,34.16 1 0
user-service/utils/jwt.go:37.2,37.19 1 0
user-service/utils/jwt.go:28.83,29.58 1 0
user-service/utils/jwt.go:32.3,32.36 1 0
user-service/utils/jwt.go:29.58,31.4 1 0
user-service/utils/jwt.go:34.16,36.3 1 0
user-service/utils/jwt.go:40.42,42.47 2 0
user-service/utils/jwt.go:45.2,45.11 1 0
user-service/utils/jwt.go:42.47,44.3 1 0
user-service/services/translation.go:21.63,26.16 5 0
user-service/services/translation.go:30.2,31.12 2 0
user-service/services/translation.go:26.16,28.21 2 0
user-service/services/translation.go:34.136,36.16 2 0
user-service/services/translation.go:41.2,41.18 1 0
user-service/services/translation.go:36.16,40.3 2 0
user-service/mocks/userRepository.go:12.80,13.23 1 0
user-service/mocks/userRepository.go:20.2,20.8 1 0
user-service/mocks/userRepository.go:14.15,15.3 1 0
user-service/mocks/userRepository.go:15.3,17.4 1 0
user-service/mocks/userRepository.go:24.85,25.12 1 0
user-service/mocks/userRepository.go:46.2,46.8 1 0
user-service/mocks/userRepository.go:26.9,27.3 1 0
user-service/mocks/userRepository.go:30.9,31.3 1 0
user-service/mocks/userRepository.go:27.3,29.4 1 0
user-service/mocks/userRepository.go:31.3,43.4 1 0
user-service/mocks/userCacheRepository.go:11.86,12.13 1 0
user-service/mocks/userCacheRepository.go:29.2,29.8 1 0
user-service/mocks/userCacheRepository.go:13.14,14.3 1 0
user-service/mocks/userCacheRepository.go:23.14,24.3 1 0
user-service/mocks/userCacheRepository.go:14.3,22.4 1 0
user-service/mocks/userCacheRepository.go:24.3,26.4 1 0
user-service/mocks/userCacheRepository.go:32.75,33.2 0 0
user-service/repositories/userCache.go:22.63,26.2 3 0
user-service/repositories/userCache.go:28.82,31.16 3 0
user-service/repositories/userCache.go:36.2,37.16 2 0
user-service/repositories/userCache.go:41.2,41.8 1 0
user-service/repositories/userCache.go:31.16,35.3 2 0
user-service/repositories/userCache.go:37.16,40.3 1 0
user-service/repositories/userCache.go:44.70,47.16 3 0
user-service/repositories/userCache.go:52.2,52.49 1 0
user-service/repositories/userCache.go:47.16,51.3 2 0
user-service/main.go:10.13,19.2 4 0
user-service/controllers/authentication.go:19.43,23.2 3 0
user-service/controllers/authentication.go:25.53,28.16 3 0
user-service/controllers/authentication.go:32.2,33.16 2 0
user-service/controllers/authentication.go:37.2,37.36 1 0
user-service/controllers/authentication.go:28.16,31.3 2 0
user-service/controllers/authentication.go:33.16,36.3 2 0
user-service/controllers/authentication.go:40.50,43.16 3 0
user-service/controllers/authentication.go:47.2,48.16 2 0
user-service/controllers/authentication.go:52.2,52.32 1 0
user-service/controllers/authentication.go:43.16,46.3 2 0
user-service/controllers/authentication.go:48.16,51.3 2 0
user-service/facades/user.go:22.35,27.2 4 0
user-service/facades/user.go:29.80,32.16 2 0
user-service/facades/user.go:38.2,39.16 2 0
user-service/facades/user.go:44.2,44.8 1 0
user-service/facades/user.go:32.16,36.3 2 0
user-service/facades/user.go:39.16,43.3 2 0
user-service/facades/user.go:47.111,50.9 2 1
user-service/facades/user.go:69.2,70.8 2 1
user-service/facades/user.go:50.9,54.17 3 1
user-service/facades/user.go:60.3,61.17 2 1
user-service/facades/user.go:67.3,67.51 1 1
user-service/facades/user.go:54.17,58.4 2 1
user-service/facades/user.go:61.17,65.4 2 0
user-service/facades/user.go:73.152,74.30 1 1
user-service/facades/user.go:78.2,81.16 3 1
user-service/facades/user.go:87.2,88.8 2 1
user-service/facades/user.go:74.30,76.3 1 1
user-service/facades/user.go:81.16,85.3 2 1
user-service/utils/csv.go:10.83,12.16 2 0
user-service/utils/csv.go:17.2,18.19 2 0
user-service/utils/csv.go:12.16,16.3 2 0
user-service/utils/csv.go:21.64,22.34 1 0
user-service/utils/csv.go:35.2,35.8 1 0
user-service/utils/csv.go:22.34,23.12 1 0
user-service/utils/csv.go:23.12,33.4 3 0
user-service/utils/csv.go:38.73,40.16 2 0
user-service/utils/csv.go:45.2,46.16 2 0
user-service/utils/csv.go:51.2,51.21 1 0
user-service/utils/csv.go:40.16,44.3 2 0
user-service/utils/csv.go:46.16,50.3 2 0
user-service/services/user.go:24.37,29.2 4 0
user-service/services/user.go:31.68,36.16 3 0
user-service/services/user.go:40.2,40.8 1 0
user-service/services/user.go:36.16,39.3 1 0
user-service/services/user.go:43.75,46.16 2 0
user-service/services/user.go:50.2,50.25 1 0
user-service/services/user.go:56.2,56.8 1 0
user-service/services/user.go:46.16,49.3 1 0
user-service/services/user.go:50.25,52.3 1 0
user-service/services/user.go:52.8,55.3 1 0
user-service/services/user.go:59.102,63.16 4 0
user-service/services/user.go:68.2,69.8 2 0
user-service/services/user.go:63.16,67.3 2 0
user-service/services/user.go:72.89,75.2 2 0
user-service/repositories/user.go:20.49,24.2 3 0
user-service/repositories/user.go:27.76,32.16 2 0
user-service/repositories/user.go:35.2,35.8 1 0
user-service/repositories/user.go:32.16,34.3 1 0
user-service/repositories/user.go:39.81,41.25 2 0
user-service/repositories/user.go:45.2,45.8 1 0
user-service/repositories/user.go:41.25,44.3 2 0
user-service/services/authentication.go:22.56,26.2 3 0
user-service/services/authentication.go:28.76,32.16 4 0
user-service/services/authentication.go:36.2,36.8 1 0
user-service/services/authentication.go:32.16,35.3 1 0
user-service/services/authentication.go:39.85,41.16 2 0
user-service/services/authentication.go:48.2,49.16 2 0
user-service/services/authentication.go:55.2,56.16 2 0
user-service/services/authentication.go:62.2,62.8 1 0
user-service/services/authentication.go:41.16,46.3 3 0
user-service/services/authentication.go:49.16,54.3 3 0
user-service/services/authentication.go:56.16,61.3 3 0
user-service/services/authentication.go:65.121,68.2 2 0
user-service/services/authentication.go:70.74,73.2 2 0
user-service/services/authentication.go:75.107,77.16 2 0
user-service/services/authentication.go:82.2,82.47 1 0
user-service/services/authentication.go:88.2,88.24 1 0
user-service/services/authentication.go:77.16,81.3 2 0
user-service/services/authentication.go:82.47,87.3 3 0
user-service/controllers/user.go:22.43,26.2 3 0
user-service/controllers/user.go:28.56,31.16 3 0
user-service/controllers/user.go:35.2,36.16 2 0
user-service/controllers/user.go:40.2,40.36 1 0
user-service/controllers/user.go:31.16,34.3 2 0
user-service/controllers/user.go:36.16,39.3 2 0
user-service/controllers/user.go:43.52,45.16 2 0
user-service/controllers/user.go:49.2,53.16 5 0
user-service/controllers/user.go:57.2,57.31 1 0
user-service/controllers/user.go:45.16,48.3 2 0
user-service/controllers/user.go:53.16,56.3 2 0
user-service/server/router.go:11.30,26.2 8 0
user-service/server/router.go:37.2,37.15 1 0
user-service/server/router.go:26.2,35.3 7 0
user-service/mocks/authUserRepository.go:11.81,12.23 1 0
user-service/mocks/authUserRepository.go:19.2,19.8 1 0
user-service/mocks/authUserRepository.go:13.15,14.3 1 0
user-service/mocks/authUserRepository.go:14.3,16.4 1 0
user-service/mocks/authUserRepository.go:22.100,23.18 1 0
user-service/mocks/authUserRepository.go:45.2,45.8 1 0
user-service/mocks/authUserRepository.go:24.14,25.3 1 0
user-service/mocks/authUserRepository.go:34.15,35.3 1 0
user-service/mocks/authUserRepository.go:25.3,33.4 1 0
user-service/mocks/authUserRepository.go:35.3,43.4 1 0
user-service/utils/logger.go:10.19,13.2 2 0
user-service/utils/logger.go:15.30,17.2 1 1
user-service/dto/user.go:10.86,18.2 7 0
user-service/dto/user.go:20.96,21.29 1 0
user-service/dto/user.go:24.2,24.8 1 0
user-service/dto/user.go:21.29,23.3 1 0
user-service/dto/user.go:27.72,34.2 6 0
user-service/dto/user.go:36.68,43.2 6 1
user-service/dto/user.go:45.91,52.2 6 1
user-service/mocks/translationService.go:13.140,14.14 1 1
user-service/mocks/translationService.go:47.2,47.33 1 1
user-service/mocks/translationService.go:15.22,16.3 1 1
user-service/mocks/translationService.go:16.3,44.4 1 1
user-service/dto/authUser.go:8.94,14.2 5 0
